# JRE version: Java(TM) SE Runtime Environment (8.0_191-b12) (build 1.8.0_191-b12)
# Java VM: Java HotSpot(TM) 64-Bit Server VM (25.191-b12 mixed mode windows-amd64 compressed oops)
Heap:
 PSYoungGen      total 224256K, used 122011K [0x000000076b380000, 0x000000077d800000, 0x00000007c0000000)
  eden space 202752K, 53% used [0x000000076b380000,0x0000000771c72258,0x0000000777980000)
  from space 21504K, 67% used [0x0000000777980000,0x00000007787b4b78,0x0000000778e80000)
  to   space 22016K, 0% used [0x000000077c280000,0x000000077c280000,0x000000077d800000)
 ParOldGen       total 164352K, used 20192K [0x00000006c1a00000, 0x00000006cba80000, 0x000000076b380000)
  object space 164352K, 12% used [0x00000006c1a00000,0x00000006c2db8078,0x00000006cba80000)
 Metaspace       used 54312K, capacity 56530K, committed 56704K, reserved 1097728K
  class space    used 7536K, capacity 7974K, committed 8064K, reserved 1048576K
GC Heap History (10 events):
Event: 1.847 GC heap before
{Heap before GC invocations=7 (full 1):
 PSYoungGen      total 134144K, used 134134K [0x000000076b380000, 0x0000000775280000, 0x00000007c0000000)
  eden space 123392K, 100% used [0x000000076b380000,0x0000000772c00000,0x0000000772c00000)
  from space 10752K, 99% used [0x0000000772c00000,0x000000077367d810,0x0000000773680000)
  to   space 13312K, 0% used [0x0000000774580000,0x0000000774580000,0x0000000775280000)
 ParOldGen       total 107520K, used 8278K [0x00000006c1a00000, 0x00000006c8300000, 0x000000076b380000)
  object space 107520K, 7% used [0x00000006c1a00000,0x00000006c2215998,0x00000006c8300000)
 Metaspace       used 33070K, capacity 34602K, committed 34816K, reserved 1079296K
  class space    used 4461K, capacity 4759K, committed 4864K, reserved 1048576K
Event: 1.857 GC heap after
Heap after GC invocations=7 (full 1):
 PSYoungGen      total 144896K, used 13291K [0x000000076b380000, 0x0000000778180000, 0x00000007c0000000)
  eden space 131584K, 0% used [0x000000076b380000,0x000000076b380000,0x0000000773400000)
  from space 13312K, 99% used [0x0000000774580000,0x000000077527af28,0x0000000775280000)
  to   space 17920K, 0% used [0x0000000773400000,0x0000000773400000,0x0000000774580000)
 ParOldGen       total 107520K, used 11601K [0x00000006c1a00000, 0x00000006c8300000, 0x000000076b380000)
  object space 107520K, 10% used [0x00000006c1a00000,0x00000006c25546c0,0x00000006c8300000)
 Metaspace       used 33070K, capacity 34602K, committed 34816K, reserved 1079296K
  class space    used 4461K, capacity 4759K, committed 4864K, reserved 1048576K
}
Event: 1.917 GC heap before
{Heap before GC invocations=8 (full 1):
 PSYoungGen      total 144896K, used 25086K [0x000000076b380000, 0x0000000778180000, 0x00000007c0000000)
  eden space 131584K, 8% used [0x000000076b380000,0x000000076bf04c60,0x0000000773400000)
  from space 13312K, 99% used [0x0000000774580000,0x000000077527af28,0x0000000775280000)
  to   space 17920K, 0% used [0x0000000773400000,0x0000000773400000,0x0000000774580000)
 ParOldGen       total 107520K, used 11601K [0x00000006c1a00000, 0x00000006c8300000, 0x000000076b380000)
  object space 107520K, 10% used [0x00000006c1a00000,0x00000006c25546c0,0x00000006c8300000)
 Metaspace       used 33885K, capacity 35408K, committed 35416K, reserved 1079296K
  class space    used 4556K, capacity 4856K, committed 4864K, reserved 1048576K
Event: 1.925 GC heap after
Heap after GC invocations=8 (full 1):
 PSYoungGen      total 149504K, used 14903K [0x000000076b380000, 0x000000077a600000, 0x00000007c0000000)
  eden space 131584K, 0% used [0x000000076b380000,0x000000076b380000,0x0000000773400000)
  from space 17920K, 83% used [0x0000000773400000,0x000000077428def8,0x0000000774580000)
  to   space 19456K, 0% used [0x0000000779300000,0x0000000779300000,0x000000077a600000)
 ParOldGen       total 107520K, used 11609K [0x00000006c1a00000, 0x00000006c8300000, 0x000000076b380000)
  object space 107520K, 10% used [0x00000006c1a00000,0x00000006c25566c0,0x00000006c8300000)
 Metaspace       used 33885K, capacity 35408K, committed 35416K, reserved 1079296K
  class space    used 4556K, capacity 4856K, committed 4864K, reserved 1048576K
}
Event: 1.925 GC heap before
{Heap before GC invocations=9 (full 2):
 PSYoungGen      total 149504K, used 14903K [0x000000076b380000, 0x000000077a600000, 0x00000007c0000000)
  eden space 131584K, 0% used [0x000000076b380000,0x000000076b380000,0x0000000773400000)
  from space 17920K, 83% used [0x0000000773400000,0x000000077428def8,0x0000000774580000)
  to   space 19456K, 0% used [0x0000000779300000,0x0000000779300000,0x000000077a600000)
 ParOldGen       total 107520K, used 11609K [0x00000006c1a00000, 0x00000006c8300000, 0x000000076b380000)
  object space 107520K, 10% used [0x00000006c1a00000,0x00000006c25566c0,0x00000006c8300000)
 Metaspace       used 33885K, capacity 35408K, committed 35416K, reserved 1079296K
  class space    used 4556K, capacity 4856K, committed 4864K, reserved 1048576K
Event: 1.966 GC heap after
Heap after GC invocations=9 (full 2):
 PSYoungGen      total 149504K, used 0K [0x000000076b380000, 0x000000077a600000, 0x00000007c0000000)
  eden space 131584K, 0% used [0x000000076b380000,0x000000076b380000,0x0000000773400000)
  from space 17920K, 0% used [0x0000000773400000,0x0000000773400000,0x0000000774580000)
  to   space 19456K, 0% used [0x0000000779300000,0x0000000779300000,0x000000077a600000)
 ParOldGen       total 164352K, used 20176K [0x00000006c1a00000, 0x00000006cba80000, 0x000000076b380000)
  object space 164352K, 12% used [0x00000006c1a00000,0x00000006c2db4078,0x00000006cba80000)
 Metaspace       used 33885K, capacity 35408K, committed 35416K, reserved 1079296K
  class space    used 4556K, capacity 4856K, committed 4864K, reserved 1048576K
}
Event: 3.066 GC heap before
{Heap before GC invocations=10 (full 2):
 PSYoungGen      total 149504K, used 131584K [0x000000076b380000, 0x000000077a600000, 0x00000007c0000000)
  eden space 131584K, 100% used [0x000000076b380000,0x0000000773400000,0x0000000773400000)
  from space 17920K, 0% used [0x0000000773400000,0x0000000773400000,0x0000000774580000)
  to   space 19456K, 0% used [0x0000000779300000,0x0000000779300000,0x000000077a600000)
 ParOldGen       total 164352K, used 20176K [0x00000006c1a00000, 0x00000006cba80000, 0x000000076b380000)
  object space 164352K, 12% used [0x00000006c1a00000,0x00000006c2db4078,0x00000006cba80000)
 Metaspace       used 47321K, capacity 49178K, committed 49408K, reserved 1091584K
  class space    used 6656K, capacity 7042K, committed 7168K, reserved 1048576K
Event: 3.077 GC heap after
Heap after GC invocations=10 (full 2):
 PSYoungGen      total 217600K, used 16886K [0x000000076b380000, 0x000000077a380000, 0x00000007c0000000)
  eden space 200704K, 0% used [0x000000076b380000,0x000000076b380000,0x0000000777780000)
  from space 16896K, 99% used [0x0000000779300000,0x000000077a37db98,0x000000077a380000)
  to   space 21504K, 0% used [0x0000000777980000,0x0000000777980000,0x0000000778e80000)
 ParOldGen       total 164352K, used 20184K [0x00000006c1a00000, 0x00000006cba80000, 0x000000076b380000)
  object space 164352K, 12% used [0x00000006c1a00000,0x00000006c2db6078,0x00000006cba80000)
 Metaspace       used 47321K, capacity 49178K, committed 49408K, reserved 1091584K
  class space    used 6656K, capacity 7042K, committed 7168K, reserved 1048576K
}
Event: 4268.291 GC heap before
{Heap before GC invocations=11 (full 2):
 PSYoungGen      total 217600K, used 217590K [0x000000076b380000, 0x000000077a380000, 0x00000007c0000000)
  eden space 200704K, 100% used [0x000000076b380000,0x0000000777780000,0x0000000777780000)
  from space 16896K, 99% used [0x0000000779300000,0x000000077a37db98,0x000000077a380000)
  to   space 21504K, 0% used [0x0000000777980000,0x0000000777980000,0x0000000778e80000)
 ParOldGen       total 164352K, used 20184K [0x00000006c1a00000, 0x00000006cba80000, 0x000000076b380000)
  object space 164352K, 12% used [0x00000006c1a00000,0x00000006c2db6078,0x00000006cba80000)
 Metaspace       used 54299K, capacity 56466K, committed 56704K, reserved 1097728K
  class space    used 7535K, capacity 7974K, committed 8064K, reserved 1048576K
Event: 4268.336 GC heap after
Heap after GC invocations=11 (full 2):
 PSYoungGen      total 224256K, used 14546K [0x000000076b380000, 0x000000077d800000, 0x00000007c0000000)
  eden space 202752K, 0% used [0x000000076b380000,0x000000076b380000,0x0000000777980000)
  from space 21504K, 67% used [0x0000000777980000,0x00000007787b4b78,0x0000000778e80000)
  to   space 22016K, 0% used [0x000000077c280000,0x000000077c280000,0x000000077d800000)
 ParOldGen       total 164352K, used 20192K [0x00000006c1a00000, 0x00000006cba80000, 0x000000076b380000)
  object space 164352K, 12% used [0x00000006c1a00000,0x00000006c2db8078,0x00000006cba80000)
 Metaspace       used 54299K, capacity 56466K, committed 56704K, reserved 1097728K
  class space    used 7535K, capacity 7974K, committed 8064K, reserved 1048576K
}

